#
# There is insufficient memory for the Java Runtime Environment to continue.
# Native memory allocation (malloc) failed to allocate 131088 bytes for Chunk::new
# Possible reasons:
#   The system is out of physical RAM or swap space
#   The process is running with CompressedOops enabled, and the Java Heap may be blocking the growth of the native heap
# Possible solutions:
#   Reduce memory load on the system
#   Increase physical memory or swap space
#   Check if swap backing store is full
#   Decrease Java heap size (-Xmx/-Xms)
#   Decrease number of Java threads
#   Decrease Java thread stack sizes (-Xss)
#   Set larger code cache with -XX:ReservedCodeCacheSize=
#   JVM is running with Unscaled Compressed Oops mode in which the Java heap is
#     placed in the first 4GB address space. The Java Heap base address is the
#     maximum limit for the native heap growth. Please use -XX:HeapBaseMinAddress
#     to set the Java Heap base and to place the Java Heap above 4GB virtual address.
# This output file may be truncated or incomplete.
#
#  Out of Memory Error (arena.cpp:184), pid=30472, tid=29684
#
# JRE version: Java(TM) SE Runtime Environment (19.0+36) (build 19+36-2238)
# Java VM: Java HotSpot(TM) 64-Bit Server VM (19+36-2238, mixed mode, sharing, tiered, compressed oops, compressed class ptrs, g1 gc, windows-amd64)
# No core dump will be written. Minidumps are not enabled by default on client versions of Windows
#

---------------  S U M M A R Y ------------

Command Line: -javaagent:C:\Program Files\JetBrains\IntelliJ IDEA Community Edition 2022.2.2\lib\idea_rt.jar=51354:C:\Program Files\JetBrains\IntelliJ IDEA Community Edition 2022.2.2\bin -Dfile.encoding=UTF-8 -Dsun.stdout.encoding=UTF-8 -Dsun.stderr.encoding=UTF-8 com.bookstore.bookstoreapi.BookstoreApiApplication

Host: Intel(R) Core(TM) i5-8265U CPU @ 1.60GHz, 8 cores, 7G,  Windows 11 , 64 bit Build 22621 (10.0.22621.3085)
Time: Fri Feb 23 05:55:19 2024 SE Asia Standard Time elapsed time: 1152.360357 seconds (0d 0h 19m 12s)

---------------  T H R E A D  ---------------

Current thread (0x000001368828f7e0):  JavaThread "C2 CompilerThread1" daemon [_thread_in_native, id=29684, stack(0x0000000704d00000,0x0000000704e00000)]


Current CompileTask:
C2:1152361 14542       4       org.hibernate.type.AbstractStandardBasicType::nullSafeSet (10 bytes)

Stack: [0x0000000704d00000,0x0000000704e00000]
Native frames: (J=compiled Java code, j=interpreted, Vv=VM code, C=native code)
V  [jvm.dll+0x6ee8fa]
V  [jvm.dll+0x857a1e]
V  [jvm.dll+0x85940e]
V  [jvm.dll+0x859ac3]
V  [jvm.dll+0x28291f]
V  [jvm.dll+0xc9b5f]
V  [jvm.dll+0xc9ee5]
V  [jvm.dll+0xc9c84]
V  [jvm.dll+0x715b2f]
V  [jvm.dll+0x1db2e3]
V  [jvm.dll+0x71742f]
V  [jvm.dll+0x39c327]
V  [jvm.dll+0x3a1a85]
V  [jvm.dll+0x704711]
V  [jvm.dll+0x7047ce]
V  [jvm.dll+0x70704f]
V  [jvm.dll+0x701356]
V  [jvm.dll+0x7009a1]
V  [jvm.dll+0x6fe883]
V  [jvm.dll+0x1d9eec]
V  [jvm.dll+0x1daa7b]
V  [jvm.dll+0x2f6e9d]
V  [jvm.dll+0x709232]
V  [jvm.dll+0x701356]
V  [jvm.dll+0x7009a1]
V  [jvm.dll+0x6fe883]
V  [jvm.dll+0x1d9eec]
V  [jvm.dll+0x1daa7b]
V  [jvm.dll+0x1daa7b]
V  [jvm.dll+0x2f6e9d]
V  [jvm.dll+0x709232]
V  [jvm.dll+0x701356]
V  [jvm.dll+0x7009a1]
V  [jvm.dll+0x6fe883]
V  [jvm.dll+0x1d9eec]
V  [jvm.dll+0x1daa7b]
V  [jvm.dll+0x2f6e9d]
V  [jvm.dll+0x709232]
V  [jvm.dll+0x701356]
V  [jvm.dll+0x7009a1]
V  [jvm.dll+0x6fe883]
V  [jvm.dll+0x1d9eec]
V  [jvm.dll+0x1daa7b]
V  [jvm.dll+0x2f6e9d]
V  [jvm.dll+0x709232]
V  [jvm.dll+0x701356]
V  [jvm.dll+0x7009a1]
V  [jvm.dll+0x6fe883]
V  [jvm.dll+0x1d9eec]
V  [jvm.dll+0x1daa7b]
V  [jvm.dll+0x1daa7b]
V  [jvm.dll+0x2f6e9d]
V  [jvm.dll+0x709232]
V  [jvm.dll+0x701356]
V  [jvm.dll+0x7009a1]
V  [jvm.dll+0x6fe883]
V  [jvm.dll+0x1d9eec]
V  [jvm.dll+0x1daa7b]
V  [jvm.dll+0x1daa7b]
V  [jvm.dll+0x2f6e9d]
V  [jvm.dll+0x709232]
V  [jvm.dll+0x701356]
V  [jvm.dll+0x7009a1]
V  [jvm.dll+0x6fe883]
V  [jvm.dll+0x1d9eec]
V  [jvm.dll+0x1daa7b]
V  [jvm.dll+0x1daa7b]
V  [jvm.dll+0x2f6e9d]
V  [jvm.dll+0x709232]
V  [jvm.dll+0x701356]
V  [jvm.dll+0x7009a1]
V  [jvm.dll+0x6fe883]
V  [jvm.dll+0x1d9eec]
V  [jvm.dll+0x1daa7b]
V  [jvm.dll+0x2f6e9d]
V  [jvm.dll+0x709232]
V  [jvm.dll+0x701356]
V  [jvm.dll+0x7009a1]
V  [jvm.dll+0x6fe883]
V  [jvm.dll+0x1d9eec]
V  [jvm.dll+0x1daa7b]
V  [jvm.dll+0x1daa7b]
V  [jvm.dll+0x2f6e9d]
V  [jvm.dll+0x709232]
V  [jvm.dll+0x701356]
V  [jvm.dll+0x7009a1]
V  [jvm.dll+0x6fe883]
V  [jvm.dll+0x1d9eec]
V  [jvm.dll+0x1daa7b]
V  [jvm.dll+0x2f6e9d]
V  [jvm.dll+0x709232]
V  [jvm.dll+0x701356]
V  [jvm.dll+0x7009a1]
V  [jvm.dll+0x6fe883]
V  [jvm.dll+0x1d9eec]
V  [jvm.dll+0x1daa7b]
V  [jvm.dll+0x1daa7b]
V  [jvm.dll+0x2f6e9d]
V  [jvm.dll+0x709232]
...<more frames>...


---------------  P R O C E S S  ---------------

Threads class SMR info:
_java_thread_list=0x0000013688a35700, length=33, elements={
0x00000136ffd699b0, 0x00000136ffd6a7a0, 0x00000136ffd6d900, 0x00000136ffd6f440,
0x00000136ffd73d90, 0x00000136ffd746c0, 0x00000136ffd77330, 0x00000136ffd88a00,
0x00000136ffd95b60, 0x00000136ffd3a7a0, 0x0000013688494860, 0x00000136884d5180,
0x0000013688b21fa0, 0x0000013688b23a30, 0x0000013688b21a50, 0x000001368bbabae0,
0x000001368bba9b00, 0x000001368bbad020, 0x000001368bbaf550, 0x000001368bbaa050,
0x000001368bbad570, 0x000001368bbae560, 0x000001368bbac580, 0x000001368bbac030,
0x000001368bbb0540, 0x000001368bba9060, 0x000001368bbab040, 0x000001368bbaaaf0,
0x000001368bbacad0, 0x000001368bbb0a90, 0x000001368bbab590, 0x000001368bbaeab0,
0x000001368828f7e0
}

Java Threads: ( => current thread )
  0x00000136ffd699b0 JavaThread "Reference Handler" daemon [_thread_blocked, id=29552, stack(0x0000000705700000,0x0000000705800000)]
  0x00000136ffd6a7a0 JavaThread "Finalizer" daemon [_thread_blocked, id=23932, stack(0x0000000705800000,0x0000000705900000)]
  0x00000136ffd6d900 JavaThread "Signal Dispatcher" daemon [_thread_blocked, id=21256, stack(0x0000000705900000,0x0000000705a00000)]
  0x00000136ffd6f440 JavaThread "Attach Listener" daemon [_thread_blocked, id=20048, stack(0x0000000705a00000,0x0000000705b00000)]
  0x00000136ffd73d90 JavaThread "Service Thread" daemon [_thread_blocked, id=2592, stack(0x0000000705b00000,0x0000000705c00000)]
  0x00000136ffd746c0 JavaThread "Monitor Deflation Thread" daemon [_thread_blocked, id=25456, stack(0x0000000705c00000,0x0000000705d00000)]
  0x00000136ffd77330 JavaThread "C2 CompilerThread0" daemon [_thread_in_native, id=8076, stack(0x0000000705d00000,0x0000000705e00000)]
  0x00000136ffd88a00 JavaThread "C1 CompilerThread0" daemon [_thread_blocked, id=21956, stack(0x0000000705e00000,0x0000000705f00000)]
  0x00000136ffd95b60 JavaThread "Sweeper thread" daemon [_thread_blocked, id=22944, stack(0x0000000705f00000,0x0000000706000000)]
  0x00000136ffd3a7a0 JavaThread "Common-Cleaner" daemon [_thread_blocked, id=19540, stack(0x0000000706000000,0x0000000706100000)]
  0x0000013688494860 JavaThread "Monitor Ctrl-Break" daemon [_thread_in_native, id=20260, stack(0x0000000706200000,0x0000000706300000)]
  0x00000136884d5180 JavaThread "Notification Thread" daemon [_thread_blocked, id=17312, stack(0x0000000706300000,0x0000000706400000)]
  0x0000013688b21fa0 JavaThread "mysql-cj-abandoned-connection-cleanup" daemon [_thread_blocked, id=14876, stack(0x0000000706f00000,0x0000000707000000)]
  0x0000013688b23a30 JavaThread "HikariPool-1 housekeeper" daemon [_thread_blocked, id=27716, stack(0x0000000706e00000,0x0000000706f00000)]
  0x0000013688b21a50 JavaThread "Catalina-utility-1" [_thread_blocked, id=23532, stack(0x0000000707300000,0x0000000707400000)]
  0x000001368bbabae0 JavaThread "Catalina-utility-2" [_thread_blocked, id=27852, stack(0x0000000707400000,0x0000000707500000)]
  0x000001368bba9b00 JavaThread "container-0" [_thread_blocked, id=26400, stack(0x0000000707500000,0x0000000707600000)]
  0x000001368bbad020 JavaThread "File Watcher" daemon [_thread_blocked, id=30632, stack(0x0000000707200000,0x0000000707300000)]
  0x000001368bbaf550 JavaThread "Live Reload Server" daemon [_thread_in_native, id=29892, stack(0x0000000707700000,0x0000000707800000)]
  0x000001368bbaa050 JavaThread "http-nio-8080-exec-1" daemon [_thread_blocked, id=2984, stack(0x0000000707600000,0x0000000707700000)]
  0x000001368bbad570 JavaThread "http-nio-8080-exec-2" daemon [_thread_blocked, id=9840, stack(0x0000000707800000,0x0000000707900000)]
  0x000001368bbae560 JavaThread "http-nio-8080-exec-3" daemon [_thread_blocked, id=29056, stack(0x0000000707900000,0x0000000707a00000)]
  0x000001368bbac580 JavaThread "http-nio-8080-exec-4" daemon [_thread_blocked, id=26496, stack(0x0000000707a00000,0x0000000707b00000)]
  0x000001368bbac030 JavaThread "http-nio-8080-exec-5" daemon [_thread_blocked, id=5264, stack(0x0000000707b00000,0x0000000707c00000)]
  0x000001368bbb0540 JavaThread "http-nio-8080-exec-6" daemon [_thread_blocked, id=10292, stack(0x0000000707c00000,0x0000000707d00000)]
  0x000001368bba9060 JavaThread "http-nio-8080-exec-7" daemon [_thread_blocked, id=20176, stack(0x0000000707d00000,0x0000000707e00000)]
  0x000001368bbab040 JavaThread "http-nio-8080-exec-8" daemon [_thread_blocked, id=13268, stack(0x0000000707e00000,0x0000000707f00000)]
  0x000001368bbaaaf0 JavaThread "http-nio-8080-exec-9" daemon [_thread_blocked, id=12028, stack(0x0000000707f00000,0x0000000708000000)]
  0x000001368bbacad0 JavaThread "http-nio-8080-exec-10" daemon [_thread_blocked, id=2712, stack(0x0000000708000000,0x0000000708100000)]
  0x000001368bbb0a90 JavaThread "http-nio-8080-Poller" daemon [_thread_in_native, id=20056, stack(0x0000000708100000,0x0000000708200000)]
  0x000001368bbab590 JavaThread "http-nio-8080-Acceptor" daemon [_thread_in_native, id=12576, stack(0x0000000708200000,0x0000000708300000)]
  0x000001368bbaeab0 JavaThread "DestroyJavaVM" [_thread_blocked, id=16992, stack(0x0000000705000000,0x0000000705100000)]
=>0x000001368828f7e0 JavaThread "C2 CompilerThread1" daemon [_thread_in_native, id=29684, stack(0x0000000704d00000,0x0000000704e00000)]

Other Threads:
  0x00000136ffd4efd0 VMThread "VM Thread" [stack: 0x0000000705600000,0x0000000705700000] [id=16220]
  0x00000136886ddcd0 WatcherThread "VM Periodic Task Thread" [stack: 0x0000000706400000,0x0000000706500000] [id=15964]
  0x00000136e357c9c0 WorkerThread "GC Thread#0" [stack: 0x0000000705100000,0x0000000705200000] [id=20912]
  0x0000013688ab4db0 WorkerThread "GC Thread#1" [stack: 0x0000000706100000,0x0000000706200000] [id=27316]
  0x0000013688ab5350 WorkerThread "GC Thread#2" [stack: 0x0000000706700000,0x0000000706800000] [id=16708]
  0x0000013688ab4ae0 WorkerThread "GC Thread#3" [stack: 0x0000000706800000,0x0000000706900000] [id=2724]
  0x0000013688ab5620 WorkerThread "GC Thread#4" [stack: 0x0000000706900000,0x0000000706a00000] [id=29084]
  0x0000013688ab5bc0 WorkerThread "GC Thread#5" [stack: 0x0000000706a00000,0x0000000706b00000] [id=9344]
  0x0000013688ab5e90 WorkerThread "GC Thread#6" [stack: 0x0000000706b00000,0x0000000706c00000] [id=20436]
  0x0000013688ab5080 WorkerThread "GC Thread#7" [stack: 0x0000000706c00000,0x0000000706d00000] [id=14512]
  0x00000136e358d740 ConcurrentGCThread "G1 Main Marker" [stack: 0x0000000705200000,0x0000000705300000] [id=22664]
  0x00000136e358f920 WorkerThread "G1 Conc#0" [stack: 0x0000000705300000,0x0000000705400000] [id=27828]
  0x00000136898339c0 WorkerThread "G1 Conc#1" [stack: 0x0000000706d00000,0x0000000706e00000] [id=17824]
  0x00000136ffc05170 ConcurrentGCThread "G1 Refine#0" [stack: 0x0000000705400000,0x0000000705500000] [id=11716]
  0x00000136ffc05cb0 ConcurrentGCThread "G1 Service" [stack: 0x0000000705500000,0x0000000705600000] [id=26664]

Threads with active compile tasks:
C2 CompilerThread0  1152435 14543       4       org.hibernate.type.AbstractStandardBasicType::nullSafeSet (26 bytes)
C2 CompilerThread1  1152435 14542       4       org.hibernate.type.AbstractStandardBasicType::nullSafeSet (10 bytes)

VM state: not at safepoint (normal execution)

VM Mutex/Monitor currently owned by a thread: None

Heap address: 0x0000000081c00000, size: 2020 MB, Compressed Oops mode: 32-bit

CDS archive(s) mapped at: [0x0000000800000000-0x0000000800c40000-0x0000000800c40000), size 12845056, SharedBaseAddress: 0x0000000800000000, ArchiveRelocationMode: 0.
Compressed class space mapped at: 0x0000000801000000-0x0000000841000000, reserved size: 1073741824
Narrow klass base: 0x0000000800000000, Narrow klass shift: 0, Narrow klass range: 0x100000000

GC Precious Log:
 CardTable entry size: 512
 Card Set container configuration: InlinePtr #cards 5 size 8 Array Of Cards #cards 12 size 40 Howl #buckets 4 coarsen threshold 1843 Howl Bitmap #cards 512 size 80 coarsen threshold 460 Card regions per heap region 1 cards per card region 2048
 CPUs: 8 total, 8 available
 Memory: 8078M
 Large Page Support: Disabled
 NUMA Support: Disabled
 Compressed Oops: Enabled (32-bit)
 Heap Region Size: 1M
 Heap Min Capacity: 8M
 Heap Initial Capacity: 128M
 Heap Max Capacity: 2020M
 Pre-touch: Disabled
 Parallel Workers: 8
 Concurrent Workers: 2
 Concurrent Refinement Workers: 8
 Periodic GC: Disabled

Heap:
 garbage-first heap   total 104448K, used 58403K [0x0000000081c00000, 0x0000000100000000)
  region size 1024K, 17 young (17408K), 3 survivors (3072K)
 Metaspace       used 78709K, committed 79424K, reserved 1179648K
  class space    used 9623K, committed 9984K, reserved 1048576K

Heap Regions: E=young(eden), S=young(survivor), O=old, HS=humongous(starts), HC=humongous(continues), CS=collection set, F=free, OA=open archive, CA=closed archive, TAMS=top-at-mark-start (previous, next)
|   0|0x0000000081c00000, 0x0000000081d00000, 0x0000000081d00000|100%|HS|  |TAMS 0x0000000081d00000, 0x0000000081c00000| Complete 
|   1|0x0000000081d00000, 0x0000000081e00000, 0x0000000081e00000|100%| O|  |TAMS 0x0000000081e00000, 0x0000000081d00000| Untracked 
|   2|0x0000000081e00000, 0x0000000081f00000, 0x0000000081f00000|100%| O|  |TAMS 0x0000000081f00000, 0x0000000081e00000| Untracked 
|   3|0x0000000081f00000, 0x0000000082000000, 0x0000000082000000|100%| O|  |TAMS 0x0000000082000000, 0x0000000081f00000| Untracked 
|   4|0x0000000082000000, 0x0000000082100000, 0x0000000082100000|100%| O|  |TAMS 0x0000000082100000, 0x0000000082000000| Untracked 
|   5|0x0000000082100000, 0x0000000082200000, 0x0000000082200000|100%| O|  |TAMS 0x0000000082200000, 0x0000000082100000| Untracked 
|   6|0x0000000082200000, 0x0000000082300000, 0x0000000082300000|100%| O|  |TAMS 0x0000000082300000, 0x0000000082200000| Untracked 
|   7|0x0000000082300000, 0x0000000082400000, 0x0000000082400000|100%| O|  |TAMS 0x0000000082400000, 0x0000000082300000| Untracked 
|   8|0x0000000082400000, 0x0000000082500000, 0x0000000082500000|100%| O|  |TAMS 0x0000000082500000, 0x0000000082400000| Untracked 
|   9|0x0000000082500000, 0x0000000082600000, 0x0000000082600000|100%| O|  |TAMS 0x0000000082600000, 0x0000000082500000| Untracked 
|  10|0x0000000082600000, 0x0000000082700000, 0x0000000082700000|100%| O|  |TAMS 0x0000000082700000, 0x0000000082600000| Untracked 
|  11|0x0000000082700000, 0x0000000082800000, 0x0000000082800000|100%| O|  |TAMS 0x0000000082800000, 0x0000000082700000| Untracked 
|  12|0x0000000082800000, 0x0000000082900000, 0x0000000082900000|100%| O|  |TAMS 0x0000000082900000, 0x0000000082800000| Untracked 
|  13|0x0000000082900000, 0x0000000082a00000, 0x0000000082a00000|100%| O|  |TAMS 0x0000000082a00000, 0x0000000082900000| Untracked 
|  14|0x0000000082a00000, 0x0000000082b00000, 0x0000000082b00000|100%| O|  |TAMS 0x0000000082b00000, 0x0000000082a00000| Untracked 
|  15|0x0000000082b00000, 0x0000000082c00000, 0x0000000082c00000|100%| O|  |TAMS 0x0000000082c00000, 0x0000000082b00000| Untracked 
|  16|0x0000000082c00000, 0x0000000082d00000, 0x0000000082d00000|100%| O|  |TAMS 0x0000000082d00000, 0x0000000082c00000| Untracked 
|  17|0x0000000082d00000, 0x0000000082e00000, 0x0000000082e00000|100%| O|  |TAMS 0x0000000082e00000, 0x0000000082d00000| Untracked 
|  18|0x0000000082e00000, 0x0000000082f00000, 0x0000000082f00000|100%| O|  |TAMS 0x0000000082e00000, 0x0000000082e00000| Untracked 
|  19|0x0000000082f00000, 0x0000000083000000, 0x0000000083000000|100%| O|  |TAMS 0x0000000083000000, 0x0000000082f00000| Untracked 
|  20|0x0000000083000000, 0x0000000083100000, 0x0000000083100000|100%| O|  |TAMS 0x0000000083100000, 0x0000000083000000| Untracked 
|  21|0x0000000083100000, 0x0000000083200000, 0x0000000083200000|100%| O|  |TAMS 0x0000000083200000, 0x0000000083100000| Untracked 
|  22|0x0000000083200000, 0x0000000083300000, 0x0000000083300000|100%| O|  |TAMS 0x0000000083300000, 0x0000000083200000| Untracked 
|  23|0x0000000083300000, 0x0000000083400000, 0x0000000083400000|100%| O|  |TAMS 0x0000000083300000, 0x0000000083300000| Untracked 
|  24|0x0000000083400000, 0x0000000083500000, 0x0000000083500000|100%| O|  |TAMS 0x0000000083500000, 0x0000000083400000| Untracked 
|  25|0x0000000083500000, 0x0000000083600000, 0x0000000083600000|100%| O|  |TAMS 0x000000008350a800, 0x0000000083500000| Untracked 
|  26|0x0000000083600000, 0x0000000083700000, 0x0000000083700000|100%| O|  |TAMS 0x0000000083600000, 0x0000000083600000| Untracked 
|  27|0x0000000083700000, 0x0000000083800000, 0x0000000083800000|100%| O|  |TAMS 0x0000000083700000, 0x0000000083700000| Untracked 
|  28|0x0000000083800000, 0x0000000083900000, 0x0000000083900000|100%| O|  |TAMS 0x0000000083800000, 0x0000000083800000| Untracked 
|  29|0x0000000083900000, 0x0000000083a00000, 0x0000000083a00000|100%| O|  |TAMS 0x0000000083900000, 0x0000000083900000| Untracked 
|  30|0x0000000083a00000, 0x0000000083b00000, 0x0000000083b00000|100%| O|  |TAMS 0x0000000083a00000, 0x0000000083a00000| Untracked 
|  31|0x0000000083b00000, 0x0000000083c00000, 0x0000000083c00000|100%| O|  |TAMS 0x0000000083b00000, 0x0000000083b00000| Untracked 
|  32|0x0000000083c00000, 0x0000000083d00000, 0x0000000083d00000|100%| O|  |TAMS 0x0000000083c00000, 0x0000000083c00000| Untracked 
|  33|0x0000000083d00000, 0x0000000083e00000, 0x0000000083e00000|100%| O|  |TAMS 0x0000000083d00000, 0x0000000083d00000| Untracked 
|  34|0x0000000083e00000, 0x0000000083f00000, 0x0000000083f00000|100%| O|  |TAMS 0x0000000083e00000, 0x0000000083e00000| Untracked 
|  35|0x0000000083f00000, 0x0000000084000000, 0x0000000084000000|100%| O|  |TAMS 0x0000000083f00000, 0x0000000083f00000| Untracked 
|  36|0x0000000084000000, 0x0000000084100000, 0x0000000084100000|100%| O|  |TAMS 0x0000000084000000, 0x0000000084000000| Untracked 
|  37|0x0000000084100000, 0x0000000084200000, 0x0000000084200000|100%| O|  |TAMS 0x0000000084100000, 0x0000000084100000| Untracked 
|  38|0x0000000084200000, 0x0000000084300000, 0x0000000084300000|100%| O|  |TAMS 0x0000000084200000, 0x0000000084200000| Untracked 
|  39|0x0000000084300000, 0x0000000084400000, 0x0000000084400000|100%| O|  |TAMS 0x0000000084300000, 0x0000000084300000| Untracked 
|  40|0x0000000084400000, 0x0000000084500000, 0x0000000084500000|100%| O|  |TAMS 0x0000000084400000, 0x0000000084400000| Untracked 
|  41|0x0000000084500000, 0x00000000845f4000, 0x0000000084600000| 95%| O|  |TAMS 0x0000000084500000, 0x0000000084500000| Untracked 
|  42|0x0000000084600000, 0x0000000084600000, 0x0000000084700000|  0%| F|  |TAMS 0x0000000084600000, 0x0000000084600000| Untracked 
|  43|0x0000000084700000, 0x0000000084700000, 0x0000000084800000|  0%| F|  |TAMS 0x0000000084700000, 0x0000000084700000| Untracked 
|  44|0x0000000084800000, 0x0000000084800000, 0x0000000084900000|  0%| F|  |TAMS 0x0000000084800000, 0x0000000084800000| Untracked 
|  45|0x0000000084900000, 0x0000000084900000, 0x0000000084a00000|  0%| F|  |TAMS 0x0000000084900000, 0x0000000084900000| Untracked 
|  46|0x0000000084a00000, 0x0000000084a00000, 0x0000000084b00000|  0%| F|  |TAMS 0x0000000084a00000, 0x0000000084a00000| Untracked 
|  47|0x0000000084b00000, 0x0000000084b00000, 0x0000000084c00000|  0%| F|  |TAMS 0x0000000084b00000, 0x0000000084b00000| Untracked 
|  48|0x0000000084c00000, 0x0000000084c00000, 0x0000000084d00000|  0%| F|  |TAMS 0x0000000084c00000, 0x0000000084c00000| Untracked 
|  49|0x0000000084d00000, 0x0000000084d00000, 0x0000000084e00000|  0%| F|  |TAMS 0x0000000084d00000, 0x0000000084d00000| Untracked 
|  50|0x0000000084e00000, 0x0000000084e00000, 0x0000000084f00000|  0%| F|  |TAMS 0x0000000084e00000, 0x0000000084e00000| Untracked 
|  51|0x0000000084f00000, 0x0000000084f00000, 0x0000000085000000|  0%| F|  |TAMS 0x0000000084f00000, 0x0000000084f00000| Untracked 
|  52|0x0000000085000000, 0x0000000085000000, 0x0000000085100000|  0%| F|  |TAMS 0x0000000085000000, 0x0000000085000000| Untracked 
|  53|0x0000000085100000, 0x0000000085100000, 0x0000000085200000|  0%| F|  |TAMS 0x0000000085100000, 0x0000000085100000| Untracked 
|  54|0x0000000085200000, 0x0000000085200000, 0x0000000085300000|  0%| F|  |TAMS 0x0000000085200000, 0x0000000085200000| Untracked 
|  55|0x0000000085300000, 0x0000000085300000, 0x0000000085400000|  0%| F|  |TAMS 0x0000000085300000, 0x0000000085300000| Untracked 
|  56|0x0000000085400000, 0x0000000085414d90, 0x0000000085500000|  8%| S|CS|TAMS 0x0000000085400000, 0x0000000085400000| Complete 
|  57|0x0000000085500000, 0x0000000085600000, 0x0000000085600000|100%| S|CS|TAMS 0x0000000085500000, 0x0000000085500000| Complete 
|  58|0x0000000085600000, 0x0000000085700000, 0x0000000085700000|100%| S|CS|TAMS 0x0000000085600000, 0x0000000085600000| Complete 
|  59|0x0000000085700000, 0x0000000085700000, 0x0000000085800000|  0%| F|  |TAMS 0x0000000085700000, 0x0000000085700000| Untracked 
|  60|0x0000000085800000, 0x0000000085800000, 0x0000000085900000|  0%| F|  |TAMS 0x0000000085800000, 0x0000000085800000| Untracked 
|  61|0x0000000085900000, 0x0000000085900000, 0x0000000085a00000|  0%| F|  |TAMS 0x0000000085900000, 0x0000000085900000| Untracked 
|  62|0x0000000085a00000, 0x0000000085a00000, 0x0000000085b00000|  0%| F|  |TAMS 0x0000000085a00000, 0x0000000085a00000| Untracked 
|  63|0x0000000085b00000, 0x0000000085b00000, 0x0000000085c00000|  0%| F|  |TAMS 0x0000000085b00000, 0x0000000085b00000| Untracked 
|  64|0x0000000085c00000, 0x0000000085c00000, 0x0000000085d00000|  0%| F|  |TAMS 0x0000000085c00000, 0x0000000085c00000| Untracked 
|  65|0x0000000085d00000, 0x0000000085d00000, 0x0000000085e00000|  0%| F|  |TAMS 0x0000000085d00000, 0x0000000085d00000| Untracked 
|  66|0x0000000085e00000, 0x0000000085e00000, 0x0000000085f00000|  0%| F|  |TAMS 0x0000000085e00000, 0x0000000085e00000| Untracked 
|  67|0x0000000085f00000, 0x0000000085f00000, 0x0000000086000000|  0%| F|  |TAMS 0x0000000085f00000, 0x0000000085f00000| Untracked 
|  68|0x0000000086000000, 0x0000000086000000, 0x0000000086100000|  0%| F|  |TAMS 0x0000000086000000, 0x0000000086000000| Untracked 
|  69|0x0000000086100000, 0x0000000086100000, 0x0000000086200000|  0%| F|  |TAMS 0x0000000086100000, 0x0000000086100000| Untracked 
|  70|0x0000000086200000, 0x0000000086200000, 0x0000000086300000|  0%| F|  |TAMS 0x0000000086200000, 0x0000000086200000| Untracked 
|  71|0x0000000086300000, 0x0000000086300000, 0x0000000086400000|  0%| F|  |TAMS 0x0000000086300000, 0x0000000086300000| Untracked 
|  72|0x0000000086400000, 0x0000000086400000, 0x0000000086500000|  0%| F|  |TAMS 0x0000000086400000, 0x0000000086400000| Untracked 
|  73|0x0000000086500000, 0x0000000086500000, 0x0000000086600000|  0%| F|  |TAMS 0x0000000086500000, 0x0000000086500000| Untracked 
|  74|0x0000000086600000, 0x0000000086600000, 0x0000000086700000|  0%| F|  |TAMS 0x0000000086600000, 0x0000000086600000| Untracked 
|  75|0x0000000086700000, 0x0000000086700000, 0x0000000086800000|  0%| F|  |TAMS 0x0000000086700000, 0x0000000086700000| Untracked 
|  76|0x0000000086800000, 0x0000000086800000, 0x0000000086900000|  0%| F|  |TAMS 0x0000000086800000, 0x0000000086800000| Untracked 
|  77|0x0000000086900000, 0x0000000086900000, 0x0000000086a00000|  0%| F|  |TAMS 0x0000000086900000, 0x0000000086900000| Untracked 
|  78|0x0000000086a00000, 0x0000000086a00000, 0x0000000086b00000|  0%| F|  |TAMS 0x0000000086a00000, 0x0000000086a00000| Untracked 
|  79|0x0000000086b00000, 0x0000000086b00000, 0x0000000086c00000|  0%| F|  |TAMS 0x0000000086b00000, 0x0000000086b00000| Untracked 
|  80|0x0000000086c00000, 0x0000000086c00000, 0x0000000086d00000|  0%| F|  |TAMS 0x0000000086c00000, 0x0000000086c00000| Untracked 
|  81|0x0000000086d00000, 0x0000000086d00000, 0x0000000086e00000|  0%| F|  |TAMS 0x0000000086d00000, 0x0000000086d00000| Untracked 
|  82|0x0000000086e00000, 0x0000000086e00000, 0x0000000086f00000|  0%| F|  |TAMS 0x0000000086e00000, 0x0000000086e00000| Untracked 
|  83|0x0000000086f00000, 0x0000000086f00000, 0x0000000087000000|  0%| F|  |TAMS 0x0000000086f00000, 0x0000000086f00000| Untracked 
|  84|0x0000000087000000, 0x0000000087000000, 0x0000000087100000|  0%| F|  |TAMS 0x0000000087000000, 0x0000000087000000| Untracked 
|  85|0x0000000087100000, 0x0000000087100000, 0x0000000087200000|  0%| F|  |TAMS 0x0000000087100000, 0x0000000087100000| Untracked 
|  86|0x0000000087200000, 0x0000000087200000, 0x0000000087300000|  0%| F|  |TAMS 0x0000000087200000, 0x0000000087200000| Untracked 
|  87|0x0000000087300000, 0x0000000087300000, 0x0000000087400000|  0%| F|  |TAMS 0x0000000087300000, 0x0000000087300000| Untracked 
|  88|0x0000000087400000, 0x000000008744f338, 0x0000000087500000| 30%| E|  |TAMS 0x0000000087400000, 0x0000000087400000| Complete 
|  89|0x0000000087500000, 0x0000000087600000, 0x0000000087600000|100%| E|CS|TAMS 0x0000000087500000, 0x0000000087500000| Complete 
|  90|0x0000000087600000, 0x0000000087700000, 0x0000000087700000|100%| E|CS|TAMS 0x0000000087600000, 0x0000000087600000| Complete 
|  91|0x0000000087700000, 0x0000000087800000, 0x0000000087800000|100%| E|CS|TAMS 0x0000000087700000, 0x0000000087700000| Complete 
|  92|0x0000000087800000, 0x0000000087900000, 0x0000000087900000|100%| E|CS|TAMS 0x0000000087800000, 0x0000000087800000| Complete 
|  93|0x0000000087900000, 0x0000000087a00000, 0x0000000087a00000|100%| E|CS|TAMS 0x0000000087900000, 0x0000000087900000| Complete 
|  94|0x0000000087a00000, 0x0000000087b00000, 0x0000000087b00000|100%| E|CS|TAMS 0x0000000087a00000, 0x0000000087a00000| Complete 
| 109|0x0000000088900000, 0x0000000088a00000, 0x0000000088a00000|100%| E|CS|TAMS 0x0000000088900000, 0x0000000088900000| Complete 
| 110|0x0000000088a00000, 0x0000000088b00000, 0x0000000088b00000|100%| E|CS|TAMS 0x0000000088a00000, 0x0000000088a00000| Complete 
| 111|0x0000000088b00000, 0x0000000088c00000, 0x0000000088c00000|100%| E|CS|TAMS 0x0000000088b00000, 0x0000000088b00000| Complete 
| 112|0x0000000088c00000, 0x0000000088d00000, 0x0000000088d00000|100%| E|CS|TAMS 0x0000000088c00000, 0x0000000088c00000| Complete 
| 113|0x0000000088d00000, 0x0000000088e00000, 0x0000000088e00000|100%| E|CS|TAMS 0x0000000088d00000, 0x0000000088d00000| Complete 
| 114|0x0000000088e00000, 0x0000000088f00000, 0x0000000088f00000|100%| E|CS|TAMS 0x0000000088e00000, 0x0000000088e00000| Complete 
| 127|0x0000000089b00000, 0x0000000089c00000, 0x0000000089c00000|100%| E|CS|TAMS 0x0000000089b00000, 0x0000000089b00000| Complete 

Card table byte_map: [0x00000136fcb00000,0x00000136fcf00000] _byte_map_base: 0x00000136fc6f2000

Marking Bits (Prev, Next): (CMBitMap*) 0x00000136e357cff0, (CMBitMap*) 0x00000136e357d030
 Prev Bits: [0x00000136fd300000, 0x00000136ff290000)
 Next Bits: [0x0000013680000000, 0x0000013681f90000)

Polling page: 0x00000136e32f0000

Metaspace:

Usage:
  Non-class:     67.47 MB used.
      Class:      9.40 MB used.
       Both:     76.86 MB used.

Virtual space:
  Non-class space:      128.00 MB reserved,      67.81 MB ( 53%) committed,  2 nodes.
      Class space:        1.00 GB reserved,       9.75 MB ( <1%) committed,  1 nodes.
             Both:        1.12 GB reserved,      77.56 MB (  7%) committed. 

Chunk freelists:
   Non-Class:  220.00 KB
       Class:  2.20 MB
        Both:  2.42 MB

MaxMetaspaceSize: unlimited
CompressedClassSpaceSize: 1.00 GB
Initial GC threshold: 21.00 MB
Current GC threshold: 90.31 MB
CDS: on
MetaspaceReclaimPolicy: balanced
 - commit_granule_bytes: 65536.
 - commit_granule_words: 8192.
 - virtual_space_node_default_size: 8388608.
 - enlarge_chunks_in_place: 1.
 - new_chunks_are_fully_committed: 0.
 - uncommit_free_chunks: 1.
 - use_allocation_guard: 0.


Internal statistics:

num_allocs_failed_limit: 6.
num_arena_births: 1148.
num_arena_deaths: 0.
num_vsnodes_births: 3.
num_vsnodes_deaths: 0.
num_space_committed: 1241.
num_space_uncommitted: 0.
num_chunks_returned_to_freelist: 6.
num_chunks_taken_from_freelist: 4171.
num_chunk_merges: 6.
num_chunk_splits: 2828.
num_chunks_enlarged: 2137.
num_inconsistent_stats: 0.

CodeHeap 'non-profiled nmethods': size=120000Kb used=8059Kb max_used=8059Kb free=111940Kb
 bounds [0x00000136f4760000, 0x00000136f4f40000, 0x00000136fbc90000]
CodeHeap 'profiled nmethods': size=120000Kb used=26734Kb max_used=27657Kb free=93266Kb
 bounds [0x00000136ecc90000, 0x00000136ee7c0000, 0x00000136f41c0000]
CodeHeap 'non-nmethods': size=5760Kb used=1456Kb max_used=1551Kb free=4303Kb
 bounds [0x00000136f41c0000, 0x00000136f4430000, 0x00000136f4760000]
 total_blobs=12992 nmethods=12287 adapters=613
 compilation: enabled
              stopped_count=0, restarted_count=0
 full_count=0

Compilation events (20 events):
Event: 1152.196 Thread 0x00000136ffd77330 nmethod 14532 0x00000136f4f32d90 code [0x00000136f4f32f20, 0x00000136f4f32f98]
Event: 1152.210 Thread 0x00000136ffd77330 14533   !   4       org.hibernate.engine.internal.StatefulPersistenceContext::initializeNonLazyCollections (103 bytes)
Event: 1152.214 Thread 0x000001368828f7e0 nmethod 14531 0x00000136f4f33090 code [0x00000136f4f332a0, 0x00000136f4f34028]
Event: 1152.221 Thread 0x000001368828f7e0 14534       4       org.springframework.http.HttpHeaders::getContentType (23 bytes)
Event: 1152.232 Thread 0x000001368828f7e0 nmethod 14534 0x00000136f4f34a90 code [0x00000136f4f34ca0, 0x00000136f4f35148]
Event: 1152.232 Thread 0x00000136ffd77330 nmethod 14533 0x00000136f4f35710 code [0x00000136f4f35960, 0x00000136f4f36080]
Event: 1152.232 Thread 0x000001368828f7e0 14535       4       com.mysql.cj.jdbc.ClientPreparedStatement$$Lambda$911/0x00000008017290f8::apply (12 bytes)
Event: 1152.235 Thread 0x00000136ffd77330 14536       4       org.hibernate.resource.jdbc.internal.ResourceRegistryStandardImpl::releaseResources (125 bytes)
Event: 1152.246 Thread 0x000001368828f7e0 nmethod 14535 0x00000136f4f36910 code [0x00000136f4f36ac0, 0x00000136f4f37198]
Event: 1152.246 Thread 0x000001368828f7e0 14537       4       java.util.TreeMap$KeyIterator::next (8 bytes)
Event: 1152.252 Thread 0x000001368828f7e0 nmethod 14537 0x00000136f4f37410 code [0x00000136f4f375a0, 0x00000136f4f378d8]
Event: 1152.252 Thread 0x000001368828f7e0 14538       4       java.util.regex.Matcher::find (69 bytes)
Event: 1152.269 Thread 0x000001368828f7e0 nmethod 14538 0x00000136f4f37a90 code [0x00000136f4f37c40, 0x00000136f4f38128]
Event: 1152.269 Thread 0x000001368828f7e0 14539   !   4       com.zaxxer.hikari.pool.HikariProxyResultSet::next (17 bytes)
Event: 1152.292 Thread 0x000001368828f7e0 nmethod 14539 0x00000136f4f38510 code [0x00000136f4f38720, 0x00000136f4f393e8]
Event: 1152.292 Thread 0x000001368828f7e0 14541       4       java.net.URL::isValidProtocol (78 bytes)
Event: 1152.302 Thread 0x000001368828f7e0 nmethod 14541 0x00000136f4f39a90 code [0x00000136f4f39c80, 0x00000136f4f3a0f0]
Event: 1152.302 Thread 0x000001368828f7e0 14540   !   4       com.mysql.cj.jdbc.result.ResultSetImpl::next (110 bytes)
Event: 1152.324 Thread 0x000001368828f7e0 nmethod 14540 0x00000136f4f3a590 code [0x00000136f4f3a780, 0x00000136f4f3b378]
Event: 1152.326 Thread 0x000001368828f7e0 14542       4       org.hibernate.type.AbstractStandardBasicType::nullSafeSet (10 bytes)

GC Heap History (20 events):
Event: 908.484 GC heap before
{Heap before GC invocations=32 (full 0):
 garbage-first heap   total 104448K, used 85046K [0x0000000081c00000, 0x0000000100000000)
  region size 1024K, 44 young (45056K), 3 survivors (3072K)
 Metaspace       used 76655K, committed 77440K, reserved 1179648K
  class space    used 9615K, committed 9984K, reserved 1048576K
}
Event: 908.505 GC heap after
{Heap after GC invocations=33 (full 0):
 garbage-first heap   total 104448K, used 43987K [0x0000000081c00000, 0x0000000100000000)
  region size 1024K, 3 young (3072K), 3 survivors (3072K)
 Metaspace       used 76655K, committed 77440K, reserved 1179648K
  class space    used 9615K, committed 9984K, reserved 1048576K
}
Event: 1143.589 GC heap before
{Heap before GC invocations=33 (full 0):
 garbage-first heap   total 104448K, used 85971K [0x0000000081c00000, 0x0000000100000000)
  region size 1024K, 45 young (46080K), 3 survivors (3072K)
 Metaspace       used 77119K, committed 77888K, reserved 1179648K
  class space    used 9619K, committed 9984K, reserved 1048576K
}
Event: 1143.607 GC heap after
{Heap after GC invocations=34 (full 0):
 garbage-first heap   total 104448K, used 44279K [0x0000000081c00000, 0x0000000100000000)
  region size 1024K, 3 young (3072K), 3 survivors (3072K)
 Metaspace       used 77119K, committed 77888K, reserved 1179648K
  class space    used 9619K, committed 9984K, reserved 1048576K
}
Event: 1144.972 GC heap before
{Heap before GC invocations=34 (full 0):
 garbage-first heap   total 104448K, used 87287K [0x0000000081c00000, 0x0000000100000000)
  region size 1024K, 46 young (47104K), 3 survivors (3072K)
 Metaspace       used 77670K, committed 78400K, reserved 1179648K
  class space    used 9621K, committed 9984K, reserved 1048576K
}
Event: 1144.979 GC heap after
{Heap after GC invocations=35 (full 0):
 garbage-first heap   total 104448K, used 44297K [0x0000000081c00000, 0x0000000100000000)
  region size 1024K, 3 young (3072K), 3 survivors (3072K)
 Metaspace       used 77670K, committed 78400K, reserved 1179648K
  class space    used 9621K, committed 9984K, reserved 1048576K
}
Event: 1146.034 GC heap before
{Heap before GC invocations=35 (full 0):
 garbage-first heap   total 104448K, used 87305K [0x0000000081c00000, 0x0000000100000000)
  region size 1024K, 46 young (47104K), 3 survivors (3072K)
 Metaspace       used 77955K, committed 78656K, reserved 1179648K
  class space    used 9622K, committed 9984K, reserved 1048576K
}
Event: 1146.041 GC heap after
{Heap after GC invocations=36 (full 0):
 garbage-first heap   total 104448K, used 44511K [0x0000000081c00000, 0x0000000100000000)
  region size 1024K, 4 young (4096K), 4 survivors (4096K)
 Metaspace       used 77955K, committed 78656K, reserved 1179648K
  class space    used 9622K, committed 9984K, reserved 1048576K
}
Event: 1146.931 GC heap before
{Heap before GC invocations=36 (full 0):
 garbage-first heap   total 104448K, used 86495K [0x0000000081c00000, 0x0000000100000000)
  region size 1024K, 46 young (47104K), 4 survivors (4096K)
 Metaspace       used 78225K, committed 78976K, reserved 1179648K
  class space    used 9623K, committed 9984K, reserved 1048576K
}
Event: 1146.936 GC heap after
{Heap after GC invocations=37 (full 0):
 garbage-first heap   total 104448K, used 44573K [0x0000000081c00000, 0x0000000100000000)
  region size 1024K, 4 young (4096K), 4 survivors (4096K)
 Metaspace       used 78225K, committed 78976K, reserved 1179648K
  class space    used 9623K, committed 9984K, reserved 1048576K
}
Event: 1147.795 GC heap before
{Heap before GC invocations=37 (full 0):
 garbage-first heap   total 104448K, used 86557K [0x0000000081c00000, 0x0000000100000000)
  region size 1024K, 46 young (47104K), 4 survivors (4096K)
 Metaspace       used 78414K, committed 79104K, reserved 1179648K
  class space    used 9623K, committed 9984K, reserved 1048576K
}
Event: 1147.807 GC heap after
{Heap after GC invocations=38 (full 0):
 garbage-first heap   total 104448K, used 44894K [0x0000000081c00000, 0x0000000100000000)
  region size 1024K, 2 young (2048K), 2 survivors (2048K)
 Metaspace       used 78414K, committed 79104K, reserved 1179648K
  class space    used 9623K, committed 9984K, reserved 1048576K
}
Event: 1149.403 GC heap before
{Heap before GC invocations=38 (full 0):
 garbage-first heap   total 104448K, used 89950K [0x0000000081c00000, 0x0000000100000000)
  region size 1024K, 47 young (48128K), 2 survivors (2048K)
 Metaspace       used 78616K, committed 79296K, reserved 1179648K
  class space    used 9623K, committed 9984K, reserved 1048576K
}
Event: 1149.409 GC heap after
{Heap after GC invocations=39 (full 0):
 garbage-first heap   total 104448K, used 44779K [0x0000000081c00000, 0x0000000100000000)
  region size 1024K, 2 young (2048K), 2 survivors (2048K)
 Metaspace       used 78616K, committed 79296K, reserved 1179648K
  class space    used 9623K, committed 9984K, reserved 1048576K
}
Event: 1150.350 GC heap before
{Heap before GC invocations=39 (full 0):
 garbage-first heap   total 104448K, used 89835K [0x0000000081c00000, 0x0000000100000000)
  region size 1024K, 47 young (48128K), 2 survivors (2048K)
 Metaspace       used 78677K, committed 79360K, reserved 1179648K
  class space    used 9623K, committed 9984K, reserved 1048576K
}
Event: 1150.354 GC heap after
{Heap after GC invocations=40 (full 0):
 garbage-first heap   total 104448K, used 44879K [0x0000000081c00000, 0x0000000100000000)
  region size 1024K, 2 young (2048K), 2 survivors (2048K)
 Metaspace       used 78677K, committed 79360K, reserved 1179648K
  class space    used 9623K, committed 9984K, reserved 1048576K
}
Event: 1151.164 GC heap before
{Heap before GC invocations=40 (full 0):
 garbage-first heap   total 104448K, used 89935K [0x0000000081c00000, 0x0000000100000000)
  region size 1024K, 47 young (48128K), 2 survivors (2048K)
 Metaspace       used 78692K, committed 79424K, reserved 1179648K
  class space    used 9623K, committed 9984K, reserved 1048576K
}
Event: 1151.170 GC heap after
{Heap after GC invocations=41 (full 0):
 garbage-first heap   total 104448K, used 45047K [0x0000000081c00000, 0x0000000100000000)
  region size 1024K, 3 young (3072K), 3 survivors (3072K)
 Metaspace       used 78692K, committed 79424K, reserved 1179648K
  class space    used 9623K, committed 9984K, reserved 1048576K
}
Event: 1152.136 GC heap before
{Heap before GC invocations=41 (full 0):
 garbage-first heap   total 104448K, used 88055K [0x0000000081c00000, 0x0000000100000000)
  region size 1024K, 46 young (47104K), 3 survivors (3072K)
 Metaspace       used 78709K, committed 79424K, reserved 1179648K
  class space    used 9623K, committed 9984K, reserved 1048576K
}
Event: 1152.141 GC heap after
{Heap after GC invocations=42 (full 0):
 garbage-first heap   total 104448K, used 45091K [0x0000000081c00000, 0x0000000100000000)
  region size 1024K, 3 young (3072K), 3 survivors (3072K)
 Metaspace       used 78709K, committed 79424K, reserved 1179648K
  class space    used 9623K, committed 9984K, reserved 1048576K
}

Dll operation events (14 events):
Event: 0.017 Loaded shared library C:\Program Files\Java\jdk-19\bin\java.dll
Event: 0.030 Loaded shared library C:\Program Files\Java\jdk-19\bin\jsvml.dll
Event: 0.237 Loaded shared library C:\Program Files\Java\jdk-19\bin\zip.dll
Event: 0.246 Loaded shared library C:\Program Files\Java\jdk-19\bin\instrument.dll
Event: 0.259 Loaded shared library C:\Program Files\Java\jdk-19\bin\net.dll
Event: 0.263 Loaded shared library C:\Program Files\Java\jdk-19\bin\nio.dll
Event: 0.268 Loaded shared library C:\Program Files\Java\jdk-19\bin\zip.dll
Event: 0.513 Loaded shared library C:\Program Files\JetBrains\IntelliJ IDEA Community Edition 2022.2.2\bin\breakgen64.dll
Event: 0.537 Loaded shared library C:\Program Files\Java\jdk-19\bin\extnet.dll
Event: 0.572 Loaded shared library C:\Program Files\Java\jdk-19\bin\verify.dll
Event: 0.582 Loaded shared library C:\Program Files\Java\jdk-19\bin\jimage.dll
Event: 1.162 Loaded shared library C:\Program Files\Java\jdk-19\bin\management.dll
Event: 1.166 Loaded shared library C:\Program Files\Java\jdk-19\bin\management_ext.dll
Event: 10.362 Loaded shared library C:\Program Files\Java\jdk-19\bin\sunmscapi.dll

Deoptimization events (20 events):
Event: 1149.809 Thread 0x000001368bbad570 Uncommon trap: trap_request=0xffffffd6 fr.pc=0x00000136f4eb7ac8 relative=0x0000000000000508
Event: 1149.809 Thread 0x000001368bbad570 Uncommon trap: reason=array_check action=maybe_recompile pc=0x00000136f4eb7ac8 method=org.hibernate.engine.internal.EntityEntryContext.reentrantSafeEntityEntries()[Ljava/util/Map$Entry; @ 57 c2
Event: 1149.809 Thread 0x000001368bbad570 DEOPT PACKING pc=0x00000136f4eb7ac8 sp=0x00000007078f9b10
Event: 1149.809 Thread 0x000001368bbad570 DEOPT UNPACKING pc=0x00000136f4226da3 sp=0x00000007078f9ac8 mode 2
Event: 1150.453 Thread 0x000001368bbae560 DEOPT PACKING pc=0x00000136eddb744a sp=0x00000007079fcc20
Event: 1150.453 Thread 0x000001368bbae560 DEOPT UNPACKING pc=0x00000136f4227543 sp=0x00000007079fc098 mode 0
Event: 1150.991 Thread 0x000001368bbacad0 DEOPT PACKING pc=0x00000136ed9b504b sp=0x00000007080fcf00
Event: 1150.992 Thread 0x000001368bbacad0 DEOPT UNPACKING pc=0x00000136f4227543 sp=0x00000007080fc410 mode 0
Event: 1151.749 Thread 0x000001368bbaa050 Uncommon trap: trap_request=0xffffff45 fr.pc=0x00000136f4cf6628 relative=0x0000000000000ee8
Event: 1151.749 Thread 0x000001368bbaa050 Uncommon trap: reason=unstable_if action=reinterpret pc=0x00000136f4cf6628 method=java.util.concurrent.ConcurrentHashMap.addCount(JI)V @ 34 c2
Event: 1151.749 Thread 0x000001368bbaa050 DEOPT PACKING pc=0x00000136f4cf6628 sp=0x00000007076fd2d0
Event: 1151.749 Thread 0x000001368bbaa050 DEOPT UNPACKING pc=0x00000136f4226da3 sp=0x00000007076fd190 mode 2
Event: 1151.753 Thread 0x000001368bbaa050 Uncommon trap: trap_request=0xffffff45 fr.pc=0x00000136f49b5f00 relative=0x0000000000000060
Event: 1151.753 Thread 0x000001368bbaa050 Uncommon trap: reason=unstable_if action=reinterpret pc=0x00000136f49b5f00 method=java.util.concurrent.ConcurrentHashMap.sumCount()J @ 11 c2
Event: 1151.753 Thread 0x000001368bbaa050 DEOPT PACKING pc=0x00000136f49b5f00 sp=0x00000007076fd330
Event: 1151.753 Thread 0x000001368bbaa050 DEOPT UNPACKING pc=0x00000136f4226da3 sp=0x00000007076fd290 mode 2
Event: 1151.773 Thread 0x000001368bba9060 Uncommon trap: trap_request=0xffffff45 fr.pc=0x00000136f47c0594 relative=0x0000000000000154
Event: 1151.773 Thread 0x000001368bba9060 Uncommon trap: reason=unstable_if action=reinterpret pc=0x00000136f47c0594 method=java.util.concurrent.ConcurrentHashMap.addCount(JI)V @ 7 c2
Event: 1151.773 Thread 0x000001368bba9060 DEOPT PACKING pc=0x00000136f47c0594 sp=0x0000000707dfd3a0
Event: 1151.773 Thread 0x000001368bba9060 DEOPT UNPACKING pc=0x00000136f4226da3 sp=0x0000000707dfd300 mode 2

Classes loaded (20 events):
Event: 85.546 Loading class java/io/PrintWriter$1
Event: 85.546 Loading class jdk/internal/access/JavaIOPrintWriterAccess
Event: 85.546 Loading class jdk/internal/access/JavaIOPrintWriterAccess done
Event: 85.546 Loading class java/io/PrintWriter$1 done
Event: 85.546 Loading class java/lang/Throwable$WrappedPrintWriter
Event: 85.547 Loading class java/lang/Throwable$PrintStreamOrWriter
Event: 85.547 Loading class java/lang/Throwable$PrintStreamOrWriter done
Event: 85.547 Loading class java/lang/Throwable$WrappedPrintWriter done
Event: 237.316 Loading class jdk/internal/reflect/MethodHandleDoubleFieldAccessorImpl
Event: 237.321 Loading class jdk/internal/reflect/MethodHandleDoubleFieldAccessorImpl done
Event: 239.162 Loading class java/lang/ObjectCustomizer
Event: 239.163 Loading class java/lang/ObjectCustomizer done
Event: 239.165 Loading class java/lang/ObjectCustomizer
Event: 239.165 Loading class java/lang/ObjectCustomizer done
Event: 240.750 Loading class java/util/concurrent/locks/ReentrantReadWriteLock$Sync$HoldCounter
Event: 240.752 Loading class java/util/concurrent/locks/ReentrantReadWriteLock$Sync$HoldCounter done
Event: 571.274 Loading class java/util/ArrayList$SubList$2
Event: 571.276 Loading class java/util/ArrayList$SubList$2 done
Event: 785.475 Loading class java/util/concurrent/ConcurrentLinkedQueue$Itr
Event: 785.477 Loading class java/util/concurrent/ConcurrentLinkedQueue$Itr done

Classes unloaded (0 events):
No events

Classes redefined (0 events):
No events

Internal exceptions (20 events):
Event: 85.425 Thread 0x000001368bbab040 Exception <a 'java/lang/ClassNotFoundException'{0x0000000086ceb0e0}: com/bookstore/bookstoreapi/entity/shoppingCart/OrderCustomizer> (0x0000000086ceb0e0) 
thrown [s\open\src\hotspot\share\classfile\systemDictionary.cpp, line 255]
Event: 85.514 Thread 0x000001368bbab040 Exception <a 'java/lang/NoClassDefFoundError'{0x0000000086a4ca38}: sun/reflect/Reflection> (0x0000000086a4ca38) 
thrown [s\open\src\hotspot\share\classfile\systemDictionary.cpp, line 244]
Event: 157.818 Thread 0x000001368bbacad0 Exception <a 'java/lang/NoSuchMethodError'{0x00000000862f0d28}: 'void java.lang.invoke.DirectMethodHandle$Holder.invokeSpecial(java.lang.Object, java.lang.Object, int, java.lang.Object)'> (0x00000000862f0d28) 
thrown [s\open\src\hotspot\share\interpreter\linkResolver.cpp, line 774]
Event: 230.778 Thread 0x000001368bbac580 Implicit null exception at 0x00000136f47a36f2 to 0x00000136f47a3bfc
Event: 237.271 Thread 0x000001368bba9060 Exception <a 'java/lang/NoSuchMethodError'{0x0000000088ec5f28}: 'java.lang.Object java.lang.invoke.DirectMethodHandle$Holder.invokeVirtual(java.lang.Object, java.lang.Object, java.lang.Object, java.lang.Object, java.lang.Object, java.lang.Object, java.lang.Object, java.lang.Object, java.lang.Object)'> (0x0000000088ec5f28) 
thrown [s\open\src\hotspot\share\interpreter\linkResolver.cpp, line 774]
Event: 237.298 Thread 0x000001368bbb0540 Implicit null exception at 0x00000136f496fa63 to 0x00000136f4970810
Event: 237.298 Thread 0x000001368bbb0540 Implicit null exception at 0x00000136f4b4f5d5 to 0x00000136f4b50e80
Event: 237.299 Thread 0x000001368bbb0540 Implicit null exception at 0x00000136f4971cb6 to 0x00000136f49728c0
Event: 237.299 Thread 0x000001368bbb0540 Implicit null exception at 0x00000136f495bb80 to 0x00000136f495c3c0
Event: 237.323 Thread 0x000001368bbaaaf0 Exception <a 'java/lang/NoSuchMethodError'{0x0000000088ca3490}: 'double java.lang.invoke.DelegatingMethodHandle$Holder.reinvoke_L(java.lang.Object, java.lang.Object)'> (0x0000000088ca3490) 
thrown [s\open\src\hotspot\share\interpreter\linkResolver.cpp, line 774]
Event: 237.324 Thread 0x000001368bbaaaf0 Exception <a 'java/lang/NoSuchMethodError'{0x0000000088b255f0}: 'void java.lang.invoke.DelegatingMethodHandle$Holder.reinvoke_L(java.lang.Object, java.lang.Object, double)'> (0x0000000088b255f0) 
thrown [s\open\src\hotspot\share\interpreter\linkResolver.cpp, line 774]
Event: 237.327 Thread 0x000001368bbaaaf0 Exception <a 'java/lang/NoSuchMethodError'{0x0000000088b31d58}: 'double java.lang.invoke.Invokers$Holder.invokeExact_MT(java.lang.Object, java.lang.Object, java.lang.Object)'> (0x0000000088b31d58) 
thrown [s\open\src\hotspot\share\interpreter\linkResolver.cpp, line 774]
Event: 237.363 Thread 0x000001368bba9060 Exception <a 'java/lang/NoSuchMethodError'{0x0000000088be9cb8}: 'double java.lang.invoke.DirectMethodHandle$Holder.invokeVirtual(java.lang.Object, java.lang.Object)'> (0x0000000088be9cb8) 
thrown [s\open\src\hotspot\share\interpreter\linkResolver.cpp, line 774]
Event: 239.165 Thread 0x000001368bbad570 Exception <a 'java/lang/ClassNotFoundException'{0x00000000889cf4c0}: java/lang/ObjectCustomizer> (0x00000000889cf4c0) 
thrown [s\open\src\hotspot\share\classfile\systemDictionary.cpp, line 255]
Event: 239.169 Thread 0x000001368bbad570 Exception <a 'java/lang/ClassNotFoundException'{0x00000000889dd1e0}: com/bookstore/bookstoreapi/entity/shoppingCart/CartItemCustomizer> (0x00000000889dd1e0) 
thrown [s\open\src\hotspot\share\classfile\systemDictionary.cpp, line 255]
Event: 571.269 Thread 0x000001368bbac030 Exception <a 'java/lang/NoSuchMethodError'{0x0000000085e75b00}: 'java.lang.Object java.lang.invoke.DirectMethodHandle$Holder.invokeStatic(java.lang.Object, int, int)'> (0x0000000085e75b00) 
thrown [s\open\src\hotspot\share\interpreter\linkResolver.cpp, line 774]
Event: 1147.571 Thread 0x000001368bbab040 Implicit null exception at 0x00000136f4a05e8b to 0x00000136f4a064ac
Event: 1147.571 Thread 0x000001368bba9060 Implicit null exception at 0x00000136f4a05e8b to 0x00000136f4a064ac
Event: 1147.571 Thread 0x000001368bbab040 Implicit null exception at 0x00000136f4a05e8b to 0x00000136f4a064ac
Event: 1147.571 Thread 0x000001368bba9060 Implicit null exception at 0x00000136f4a05e8b to 0x00000136f4a064ac

VM Operations (20 events):
Event: 1147.589 Executing VM operation: HandshakeAllThreads
Event: 1147.589 Executing VM operation: HandshakeAllThreads done
Event: 1147.742 Executing VM operation: ICBufferFull
Event: 1147.743 Executing VM operation: ICBufferFull done
Event: 1147.743 Executing VM operation: ICBufferFull
Event: 1147.745 Executing VM operation: ICBufferFull done
Event: 1147.795 Executing VM operation: G1CollectForAllocation
Event: 1147.807 Executing VM operation: G1CollectForAllocation done
Event: 1148.809 Executing VM operation: Cleanup
Event: 1148.813 Executing VM operation: Cleanup done
Event: 1149.402 Executing VM operation: G1CollectForAllocation
Event: 1149.410 Executing VM operation: G1CollectForAllocation done
Event: 1150.350 Executing VM operation: G1CollectForAllocation
Event: 1150.355 Executing VM operation: G1CollectForAllocation done
Event: 1151.163 Executing VM operation: G1CollectForAllocation
Event: 1151.163 Executing VM operation: G1CollectForAllocation done
Event: 1151.163 Executing VM operation: G1CollectForAllocation
Event: 1151.170 Executing VM operation: G1CollectForAllocation done
Event: 1152.135 Executing VM operation: G1CollectForAllocation
Event: 1152.141 Executing VM operation: G1CollectForAllocation done

Events (20 events):
Event: 1147.626 Thread 0x00000136ffd95b60 flushing nmethod 0x00000136eded6590
Event: 1147.626 Thread 0x00000136ffd95b60 flushing nmethod 0x00000136edefbb90
Event: 1147.627 Thread 0x00000136ffd95b60 flushing nmethod 0x00000136edf3fc10
Event: 1147.627 Thread 0x00000136ffd95b60 flushing nmethod 0x00000136edf63210
Event: 1147.627 Thread 0x00000136ffd95b60 flushing nmethod 0x00000136edf77810
Event: 1147.627 Thread 0x00000136ffd95b60 flushing nmethod 0x00000136edfbd710
Event: 1147.627 Thread 0x00000136ffd95b60 flushing nmethod 0x00000136edfdf490
Event: 1147.628 Thread 0x00000136ffd95b60 flushing nmethod 0x00000136edff1090
Event: 1147.628 Thread 0x00000136ffd95b60 flushing nmethod 0x00000136ee004e90
Event: 1147.628 Thread 0x00000136ffd95b60 flushing nmethod 0x00000136ee081590
Event: 1147.629 Thread 0x00000136ffd95b60 flushing nmethod 0x00000136ee102910
Event: 1147.629 Thread 0x00000136ffd95b60 flushing nmethod 0x00000136ee10f490
Event: 1147.629 Thread 0x00000136ffd95b60 flushing nmethod 0x00000136ee124f90
Event: 1147.630 Thread 0x00000136ffd95b60 flushing nmethod 0x00000136ee17fd90
Event: 1147.630 Thread 0x00000136ffd95b60 flushing nmethod 0x00000136ee18a290
Event: 1147.630 Thread 0x00000136ffd95b60 flushing nmethod 0x00000136ee19a190
Event: 1147.631 Thread 0x00000136ffd95b60 flushing nmethod 0x00000136ee236610
Event: 1147.631 Thread 0x00000136ffd95b60 flushing nmethod 0x00000136ee26da90
Event: 1149.092 Thread 0x000001368828bab0 Thread exited: 0x000001368828bab0
Event: 1149.235 Thread 0x000001368828f7e0 Thread added: 0x000001368828f7e0


Dynamic libraries:
0x00007ff674390000 - 0x00007ff6743a0000 	C:\Program Files\Java\jdk-19\bin\java.exe
0x00007ff8f2530000 - 0x00007ff8f2747000 	C:\WINDOWS\SYSTEM32\ntdll.dll
0x00007ff8f0610000 - 0x00007ff8f06d4000 	C:\WINDOWS\System32\KERNEL32.DLL
0x00007ff8efd90000 - 0x00007ff8f0136000 	C:\WINDOWS\System32\KERNELBASE.dll
0x00007ff8ef8e0000 - 0x00007ff8ef9f1000 	C:\WINDOWS\System32\ucrtbase.dll
0x00007ff8e7490000 - 0x00007ff8e74a8000 	C:\Program Files\Java\jdk-19\bin\jli.dll
0x00007ff8e8570000 - 0x00007ff8e858b000 	C:\Program Files\Java\jdk-19\bin\VCRUNTIME140.dll
0x00007ff8f1930000 - 0x00007ff8f19e3000 	C:\WINDOWS\System32\ADVAPI32.dll
0x00007ff8f2360000 - 0x00007ff8f2407000 	C:\WINDOWS\System32\msvcrt.dll
0x00007ff8f1f10000 - 0x00007ff8f1fb8000 	C:\WINDOWS\System32\sechost.dll
0x00007ff8efd60000 - 0x00007ff8efd88000 	C:\WINDOWS\System32\bcrypt.dll
0x00007ff8f0790000 - 0x00007ff8f08a7000 	C:\WINDOWS\System32\RPCRT4.dll
0x00007ff8f1fd0000 - 0x00007ff8f217e000 	C:\WINDOWS\System32\USER32.dll
0x00007ff8efd30000 - 0x00007ff8efd56000 	C:\WINDOWS\System32\win32u.dll
0x00007ff8f1ed0000 - 0x00007ff8f1ef9000 	C:\WINDOWS\System32\GDI32.dll
0x00007ff8c5460000 - 0x00007ff8c56f3000 	C:\WINDOWS\WinSxS\amd64_microsoft.windows.common-controls_6595b64144ccf1df_6.0.22621.2506_none_270c5ae97388e100\COMCTL32.dll
0x00007ff8efaa0000 - 0x00007ff8efbb8000 	C:\WINDOWS\System32\gdi32full.dll
0x00007ff8efa00000 - 0x00007ff8efa9a000 	C:\WINDOWS\System32\msvcp_win.dll
0x00007ff8e8950000 - 0x00007ff8e895a000 	C:\WINDOWS\SYSTEM32\VERSION.dll
0x00007ff8f0ab0000 - 0x00007ff8f0ae1000 	C:\WINDOWS\System32\IMM32.DLL
0x00007ff8e8560000 - 0x00007ff8e856c000 	C:\Program Files\Java\jdk-19\bin\vcruntime140_1.dll
0x00007ff8bef30000 - 0x00007ff8befbe000 	C:\Program Files\Java\jdk-19\bin\msvcp140.dll
0x00007ff8abbd0000 - 0x00007ff8ac890000 	C:\Program Files\Java\jdk-19\bin\server\jvm.dll
0x00007ff8e72f0000 - 0x00007ff8e7324000 	C:\WINDOWS\SYSTEM32\WINMM.dll
0x00007ff8ea8c0000 - 0x00007ff8ea8c9000 	C:\WINDOWS\SYSTEM32\WSOCK32.dll
0x00007ff8f1df0000 - 0x00007ff8f1e61000 	C:\WINDOWS\System32\WS2_32.dll
0x00007ff8ee8b0000 - 0x00007ff8ee8c8000 	C:\WINDOWS\SYSTEM32\kernel.appcore.dll
0x00007ff8e84d0000 - 0x00007ff8e84da000 	C:\Program Files\Java\jdk-19\bin\jimage.dll
0x00007ff8ed1a0000 - 0x00007ff8ed3d3000 	C:\WINDOWS\SYSTEM32\DBGHELP.DLL
0x00007ff8f0280000 - 0x00007ff8f0609000 	C:\WINDOWS\System32\combase.dll
0x00007ff8f1d10000 - 0x00007ff8f1de7000 	C:\WINDOWS\System32\OLEAUT32.dll
0x00007ff8d0240000 - 0x00007ff8d0272000 	C:\WINDOWS\SYSTEM32\dbgcore.DLL
0x00007ff8f0200000 - 0x00007ff8f027a000 	C:\WINDOWS\System32\bcryptPrimitives.dll
0x00007ff8d9a50000 - 0x00007ff8d9a5e000 	C:\Program Files\Java\jdk-19\bin\instrument.dll
0x00007ff8e7460000 - 0x00007ff8e7486000 	C:\Program Files\Java\jdk-19\bin\java.dll
0x00007ff8bee50000 - 0x00007ff8bef27000 	C:\Program Files\Java\jdk-19\bin\jsvml.dll
0x00007ff8f0af0000 - 0x00007ff8f134b000 	C:\WINDOWS\System32\SHELL32.dll
0x00007ff8ed7d0000 - 0x00007ff8ee0c6000 	C:\WINDOWS\SYSTEM32\windows.storage.dll
0x00007ff8ed690000 - 0x00007ff8ed7ce000 	C:\WINDOWS\SYSTEM32\wintypes.dll
0x00007ff8f1c10000 - 0x00007ff8f1d03000 	C:\WINDOWS\System32\SHCORE.dll
0x00007ff8f1e70000 - 0x00007ff8f1ece000 	C:\WINDOWS\System32\shlwapi.dll
0x00007ff8ef7a0000 - 0x00007ff8ef7c6000 	C:\WINDOWS\SYSTEM32\profapi.dll
0x00007ff8cfbc0000 - 0x00007ff8cfbd8000 	C:\Program Files\Java\jdk-19\bin\zip.dll
0x00007ff8e73c0000 - 0x00007ff8e73d3000 	C:\Program Files\Java\jdk-19\bin\net.dll
0x00007ff8e8810000 - 0x00007ff8e8947000 	C:\WINDOWS\SYSTEM32\WINHTTP.dll
0x00007ff8eed30000 - 0x00007ff8eed99000 	C:\WINDOWS\system32\mswsock.dll
0x00007ff8d5920000 - 0x00007ff8d5936000 	C:\Program Files\Java\jdk-19\bin\nio.dll
0x00007ff8c6200000 - 0x00007ff8c621a000 	C:\Program Files\JetBrains\IntelliJ IDEA Community Edition 2022.2.2\bin\breakgen64.dll
0x00007ff8c6220000 - 0x00007ff8c6228000 	C:\Program Files\Java\jdk-19\bin\extnet.dll
0x00007ff8e6130000 - 0x00007ff8e6140000 	C:\Program Files\Java\jdk-19\bin\verify.dll
0x00007ff8d5d30000 - 0x00007ff8d5d3a000 	C:\Program Files\Java\jdk-19\bin\management.dll
0x00007ff8d5b40000 - 0x00007ff8d5b4b000 	C:\Program Files\Java\jdk-19\bin\management_ext.dll
0x00007ff8f19f0000 - 0x00007ff8f19f8000 	C:\WINDOWS\System32\PSAPI.DLL
0x00007ff8bc550000 - 0x00007ff8bc567000 	C:\WINDOWS\system32\napinsp.dll
0x00007ff8bc530000 - 0x00007ff8bc54b000 	C:\WINDOWS\system32\pnrpnsp.dll
0x00007ff8ee3a0000 - 0x00007ff8ee499000 	C:\WINDOWS\SYSTEM32\DNSAPI.dll
0x00007ff8ee330000 - 0x00007ff8ee35d000 	C:\WINDOWS\SYSTEM32\IPHLPAPI.DLL
0x00007ff8f1f00000 - 0x00007ff8f1f09000 	C:\WINDOWS\System32\NSI.dll
0x00007ff8bc510000 - 0x00007ff8bc521000 	C:\WINDOWS\System32\winrnr.dll
0x00007ff8bc700000 - 0x00007ff8bc715000 	C:\WINDOWS\system32\wshbth.dll
0x00007ff8bc470000 - 0x00007ff8bc491000 	C:\WINDOWS\system32\nlansp_c.dll
0x00007ff8d5f00000 - 0x00007ff8d5f0a000 	C:\Windows\System32\rasadhlp.dll
0x00007ff8e6c80000 - 0x00007ff8e6d03000 	C:\WINDOWS\System32\fwpuclnt.dll
0x00007ff8eef90000 - 0x00007ff8eefab000 	C:\WINDOWS\SYSTEM32\CRYPTSP.dll
0x00007ff8ee810000 - 0x00007ff8ee845000 	C:\WINDOWS\system32\rsaenh.dll
0x00007ff8eee20000 - 0x00007ff8eee4c000 	C:\WINDOWS\SYSTEM32\USERENV.dll
0x00007ff8eef80000 - 0x00007ff8eef8c000 	C:\WINDOWS\SYSTEM32\CRYPTBASE.dll
0x00007ff8e8d40000 - 0x00007ff8e8d59000 	C:\WINDOWS\SYSTEM32\dhcpcsvc6.DLL
0x00007ff8e8c00000 - 0x00007ff8e8c1f000 	C:\WINDOWS\SYSTEM32\dhcpcsvc.DLL
0x00007ff8d5a20000 - 0x00007ff8d5a2e000 	C:\Program Files\Java\jdk-19\bin\sunmscapi.dll
0x00007ff8efbc0000 - 0x00007ff8efd26000 	C:\WINDOWS\System32\CRYPT32.dll
0x00007ff8ef120000 - 0x00007ff8ef14e000 	C:\WINDOWS\SYSTEM32\ncrypt.dll
0x00007ff8ef0e0000 - 0x00007ff8ef117000 	C:\WINDOWS\SYSTEM32\NTASN1.dll
0x00007ff865750000 - 0x00007ff865758000 	C:\WINDOWS\system32\wshunix.dll

dbghelp: loaded successfully - version: 4.0.5 - missing functions: none
symbol engine: initialized successfully - sym options: 0x614 - pdb path: .;C:\Program Files\Java\jdk-19\bin;C:\WINDOWS\SYSTEM32;C:\WINDOWS\WinSxS\amd64_microsoft.windows.common-controls_6595b64144ccf1df_6.0.22621.2506_none_270c5ae97388e100;C:\Program Files\Java\jdk-19\bin\server;C:\Program Files\JetBrains\IntelliJ IDEA Community Edition 2022.2.2\bin

VM Arguments:
jvm_args: -javaagent:C:\Program Files\JetBrains\IntelliJ IDEA Community Edition 2022.2.2\lib\idea_rt.jar=51354:C:\Program Files\JetBrains\IntelliJ IDEA Community Edition 2022.2.2\bin -Dfile.encoding=UTF-8 -Dsun.stdout.encoding=UTF-8 -Dsun.stderr.encoding=UTF-8 
java_command: com.bookstore.bookstoreapi.BookstoreApiApplication
java_class_path (initial): D:\React\backend\bookstore-api\target\classes;C:\Users\Admin\.m2\repository\org\springframework\boot\spring-boot-starter-security\2.7.8\spring-boot-starter-security-2.7.8.jar;C:\Users\Admin\.m2\repository\org\springframework\boot\spring-boot-starter\2.7.8\spring-boot-starter-2.7.8.jar;C:\Users\Admin\.m2\repository\org\springframework\boot\spring-boot-starter-logging\2.7.8\spring-boot-starter-logging-2.7.8.jar;C:\Users\Admin\.m2\repository\ch\qos\logback\logback-classic\1.2.11\logback-classic-1.2.11.jar;C:\Users\Admin\.m2\repository\ch\qos\logback\logback-core\1.2.11\logback-core-1.2.11.jar;C:\Users\Admin\.m2\repository\org\apache\logging\log4j\log4j-to-slf4j\2.17.2\log4j-to-slf4j-2.17.2.jar;C:\Users\Admin\.m2\repository\org\apache\logging\log4j\log4j-api\2.17.2\log4j-api-2.17.2.jar;C:\Users\Admin\.m2\repository\org\slf4j\jul-to-slf4j\1.7.36\jul-to-slf4j-1.7.36.jar;C:\Users\Admin\.m2\repository\jakarta\annotation\jakarta.annotation-api\1.3.5\jakarta.annotation-api-1.3.5.jar;C:\Users\Admin\.m2\repository\org\yaml\snakeyaml\1.30\snakeyaml-1.30.jar;C:\Users\Admin\.m2\repository\org\springframework\spring-aop\5.3.25\spring-aop-5.3.25.jar;C:\Users\Admin\.m2\repository\org\springframework\spring-beans\5.3.25\spring-beans-5.3.25.jar;C:\Users\Admin\.m2\repository\org\springframework\security\spring-security-config\5.7.6\spring-security-config-5.7.6.jar;C:\Users\Admin\.m2\repository\org\springframework\spring-context\5.3.25\spring-context-5.3.25.jar;C:\Users\Admin\.m2\repository\org\springframework\security\spring-security-web\5.7.6\spring-security-web-5.7.6.jar;C:\Users\Admin\.m2\repository\org\springframework\spring-expression\5.3.25\spring-expression-5.3.25.jar;C:\Users\Admin\.m2\repository\org\springframework\spring-web\5.3.25\spring-web-5.3.25.jar;C:\Users\Admin\.m2\repository\org\springframework\boot\spring-boot-starter-validation\2.7.8\spring-boot-starter-validation-2.7.8.jar;C:\Users\Admin\.m2\repository\org\apache\tomcat\embed\tomcat-embed-el\9.0.71\tomcat-embed-el-9.0.71.jar;C:\Users\Admin\.m2\repository\org\hibernate\validator\hibernate-validator\6.2.5.Final\hibernate-validator-6.2.5.Final.jar;C:\Users\Admin\.m2\repository\jakarta\validation\jakarta.validation-api\2.0.2\jakarta.validation-api-2.0.2.jar;C:\Users\Admin\.m2\repository\org\jboss\logging\jboss-logging\3.4.3.Final\jboss-logging-3.4.3.Final.jar;C:\Users\Admin\.m2\repository\com\fasterxml\classmate\1.5.1\classmate-1.5.1.jar;C:\Users\Admin\.m2\repository\io\jsonwebtoken\jjwt-api\0.11.5\jjwt-api-0.11.5.jar;C:\Users\Admin\.m2\repository\io\jsonwebtoken\jjwt-impl\0.11.5\jjwt-impl-0.11.5.jar;C:\Users\Admin\.m2\repository\io\jsonwebtoken\jjwt-jackson\0.11.5\jjwt-jackson-0.11.5.jar;C:\Users\Admin\.m2\repository\com\fasterxml\jackson\core\jackson-databind\2.13.4.2\jackson-databind-2.13.4.2.jar;C:\Users\Admin\.m2\repository\com\fasterxml\jackson\core\jackson-annotations\2.13.4\jackson-annotations-2.13.4.jar;C:\Users\Admin\.m2\repository\com\fasterxml\jackson\core\jackson-core\2.13.4\jackson-core-2.13.4.jar;C:\Users\Admin\.m2\repository\org\springframework\security\spring-security-core\5.7.6\spring-security-core-5.7.6.jar;C:\Users\Admin\.m2\repository\org\springframework\security\spring-security-crypto\5.7.6\spring-security-crypto-5.7.6.jar;C:\Users\Admin\.m2\repository\org\springframework\spring-core\5.3.25\spring-core-5.3.25.jar;C:\Users\Admin\.m2\repository\org\springframework\spring-jcl\5.3.25\spring-jcl-5.3.25.jar;C:\Users\Admin\.m2\repository\org\springframework\boot\spring-boot-starter-data-jpa\2.7.8\spring-boot-starter-data-jpa-2.7.8.jar;C:\Users\Admin\.m2\repository\org\springframework\boot\spring-boot-starter-aop\2.7.8\spring-boot-starter-aop-2.7.8.jar;C:\Users\Admin\.m2\repository\org\aspectj\aspectjweaver\1.9.7\aspectjweaver-1.9.7.jar;C:\Users\Admin\.m2\repository\org\springframework\boot\spring-boot-starter-jdbc\2.7.8\spring-boot-starter-jdbc-2.7.8.jar;C:\Users\Admin\.m2\repository\com\zaxxer\HikariCP\4.0.3\HikariCP-4.0.3.jar;C:\Users\Admin\.m2\repository\org\springframework\spring-jdbc\5.3.25\spring-jdbc-5.3.25.jar;C:\Users\Admin\.m2\repository\jakarta\transaction\jakarta.transaction-api\1.3.3\jakarta.transaction-api-1.3.3.jar;C:\Users\Admin\.m2\repository\jakarta\persistence\jakarta.persistence-api\2.2.3\jakarta.persistence-api-2.2.3.jar;C:\Users\Admin\.m2\repository\org\hibernate\hibernate-core\5.6.14.Final\hibernate-core-5.6.14.Final.jar;C:\Users\Admin\.m2\repository\net\bytebuddy\byte-buddy\1.12.22\byte-buddy-1.12.22.jar;C:\Users\Admin\.m2\repository\antlr\antlr\2.7.7\antlr-2.7.7.jar;C:\Users\Admin\.m2\repository\org\jboss\jandex\2.4.2.Final\jandex-2.4.2.Final.jar;C:\Users\Admin\.m2\repository\org\hibernate\common\hibernate-commons-annotations\5.1.2.Final\hibernate-commons-annotations-5.1.2.Final.jar;C:\Users\Admin\.m2\repository\org\glassfish\jaxb\jaxb-runtime\2.3.7\jaxb-runtime-2.3.7.jar;C:\Users\Admin\.m2\repository\org\glassfish\jaxb\txw2\2.3.7\txw2-2.3.7.jar;C:\Users\Admin\.m2\repository\com\sun\istack\istack-commons-runtime\3.0.12\istack-commons-runtime-3.0.12.jar;C:\Users\Admin\.m2\repository\com\sun\activation\jakarta.activation\1.2.2\jakarta.activation-1.2.2.jar;C:\Users\Admin\.m2\repository\org\springframework\data\spring-data-jpa\2.7.7\spring-data-jpa-2.7.7.jar;C:\Users\Admin\.m2\repository\org\springframework\data\spring-data-commons\2.7.7\spring-data-commons-2.7.7.jar;C:\Users\Admin\.m2\repository\org\springframework\spring-orm\5.3.25\spring-orm-5.3.25.jar;C:\Users\Admin\.m2\repository\org\springframework\spring-tx\5.3.25\spring-tx-5.3.25.jar;C:\Users\Admin\.m2\repository\org\slf4j\slf4j-api\1.7.36\slf4j-api-1.7.36.jar;C:\Users\Admin\.m2\repository\org\springframework\spring-aspects\5.3.25\spring-aspects-5.3.25.jar;C:\Users\Admin\.m2\repository\org\springframework\boot\spring-boot-starter-data-rest\2.7.8\spring-boot-starter-data-rest-2.7.8.jar;C:\Users\Admin\.m2\repository\org\springframework\boot\spring-boot-starter-web\2.7.8\spring-boot-starter-web-2.7.8.jar;C:\Users\Admin\.m2\repository\org\springframework\boot\spring-boot-starter-json\2.7.8\spring-boot-starter-json-2.7.8.jar;C:\Users\Admin\.m2\repository\com\fasterxml\jackson\datatype\jackson-datatype-jdk8\2.13.4\jackson-datatype-jdk8-2.13.4.jar;C:\Users\Admin\.m2\repository\com\fasterxml\jackson\datatype\jackson-datatype-jsr310\2.13.4\jackson-datatype-jsr310-2.13.4.jar;C:\Users\Admin\.m2\repository\com\fasterxml\jackson\module\jackson-module-parameter-names\2.13.4\jackson-module-parameter-names-2.13.4.jar;C:\Users\Admin\.m2\repository\org\springframework\boot\spring-boot-starter-tomcat\2.7.8\spring-boot-starter-tomcat-2.7.8.jar;C:\Users\Admin\.m2\repository\org\apache\tomcat\embed\tomcat-embed-core\9.0.71\tomcat-embed-core-9.0.71.jar;C:\Users\Admin\.m2\repository\org\apache\tomcat\embed\tomcat-embed-websocket\9.0.71\tomcat-embed-websocket-9.0.71.jar;C:\Users\Admin\.m2\repository\org\springframework\spring-webmvc\5.3.25\spring-webmvc-5.3.25.jar;C:\Users\Admin\.m2\repository\org\springframework\data\spring-data-rest-webmvc\3.7.7\spring-data-rest-webmvc-3.7.7.jar;C:\Users\Admin\.m2\repository\org\springframework\data\spring-data-rest-core\3.7.7\spring-data-rest-core-3.7.7.jar;C:\Users\Admin\.m2\repository\org\springframework\hateoas\spring-hateoas\1.5.2\spring-hateoas-1.5.2.jar;C:\Users\Admin\.m2\repository\org\springframework\plugin\spring-plugin-core\2.0.0.RELEASE\spring-plugin-core-2.0.0.RELEASE.jar;C:\Users\Admin\.m2\repository\org\atteo\evo-inflector\1.3\evo-inflector-1.3.jar;C:\Users\Admin\.m2\repository\com\mysql\mysql-connector-j\8.0.32\mysql-connector-j-8.0.32.jar;C:\Users\Admin\.m2\repository\org\projectlombok\lombok\1.18.24\lombok-1.18.24.jar;C:\Users\Admin\.m2\repository\org\springframework\boot\spring-boot-devtools\2.7.8\spring-boot-devtools-2.7.8.jar;C:\Users\Admin\.m2\repository\org\springframework\boot\spring-boot\2.7.8\spring-boot-2.7.8.jar;C:\Users\Admin\.m2\repository\org\springframework\boot\spring-boot-autoconfigure\2.7.8\spring-boot-autoconfigure-2.7.8.jar;C:\Users\Admin\.m2\repository\com\jayway\jsonpath\json-path\2.7.0\json-path-2.7.0.jar;C:\Users\Admin\.m2\repository\net\minidev\json-smart\2.4.8\json-smart-2.4.8.jar;C:\Users\Admin\.m2\repository\net\minidev\accessors-smart\2.4.8\accessors-smart-2.4.8.jar;C:\Users\Admin\.m2\repository\org\ow2\asm\asm\9.1\asm-9.1.jar;C:\Users\Admin\.m2\repository\jakarta\xml\bind\jakarta.xml.bind-api\2.3.3\jakarta.xml.bind-api-2.3.3.jar;C:\Users\Admin\.m2\repository\jakarta\activation\jakarta.activation-api\1.2.2\jakarta.activation-api-1.2.2.jar
Launcher Type: SUN_STANDARD

[Global flags]
     intx CICompilerCount                          = 4                                         {product} {ergonomic}
     uint ConcGCThreads                            = 2                                         {product} {ergonomic}
     uint G1ConcRefinementThreads                  = 8                                         {product} {ergonomic}
   size_t G1HeapRegionSize                         = 1048576                                   {product} {ergonomic}
    uintx GCDrainStackTargetSize                   = 64                                        {product} {ergonomic}
   size_t InitialHeapSize                          = 134217728                                 {product} {ergonomic}
   size_t MarkStackSize                            = 4194304                                   {product} {ergonomic}
   size_t MaxHeapSize                              = 2118123520                                {product} {ergonomic}
   size_t MaxNewSize                               = 1270874112                                {product} {ergonomic}
   size_t MinHeapDeltaBytes                        = 1048576                                   {product} {ergonomic}
   size_t MinHeapSize                              = 8388608                                   {product} {ergonomic}
    uintx NonNMethodCodeHeapSize                   = 5839372                                {pd product} {ergonomic}
    uintx NonProfiledCodeHeapSize                  = 122909434                              {pd product} {ergonomic}
    uintx ProfiledCodeHeapSize                     = 122909434                              {pd product} {ergonomic}
    uintx ReservedCodeCacheSize                    = 251658240                              {pd product} {ergonomic}
     bool SegmentedCodeCache                       = true                                      {product} {ergonomic}
   size_t SoftMaxHeapSize                          = 2118123520                             {manageable} {ergonomic}
     bool UseCompressedClassPointers               = true                           {product lp64_product} {ergonomic}
     bool UseCompressedOops                        = true                           {product lp64_product} {ergonomic}
     bool UseG1GC                                  = true                                      {product} {ergonomic}
     bool UseLargePagesIndividualAllocation        = false                                  {pd product} {ergonomic}

Logging:
Log output configuration:
 #0: stdout all=warning uptime,level,tags foldmultilines=false
 #1: stderr all=off uptime,level,tags foldmultilines=false

Environment Variables:
JAVA_HOME=D:\Java\OpenJDK21\jdk-21.0.1
PATH=D:\Java\OpenJDK21\jdk-21.0.1\bin;C:\Program Files\Common Files\Oracle\Java\javapath;C:\WINDOWS\system32;C:\WINDOWS;C:\WINDOWS\System32\Wbem;C:\WINDOWS\System32\WindowsPowerShell\v1.0\;C:\WINDOWS\System32\OpenSSH\;C:\MinGW\bin;C:\Program Files\Microsoft SQL Server\Client SDK\ODBC\110\Tools\Binn\;C:\Program Files (x86)\Microsoft SQL Server\120\Tools\Binn\;C:\Program Files\Microsoft SQL Server\120\Tools\Binn\;C:\Program Files\Microsoft SQL Server\120\DTS\Binn\;C:\Program Files (x86)\Microsoft SQL Server\120\Tools\Binn\ManagementStudio\;C:\Program Files (x86)\Microsoft SQL Server\120\DTS\Binn\;C:\Program Files (x86)\Microsoft SQL Server\Client SDK\ODBC\110\Tools\Binn\;C:\Program Files\Microsoft SQL Server\150\Tools\Binn\;C:\Program Files\Microsoft SQL Server\Client SDK\ODBC\170\Tools\Binn\;C:\Program Files\nodejs\;D:\Users\Git\cmd;C:\Program Files\Docker\Docker\resources\bin;D:\Java\apache-maven-3.9.5-bin\apache-maven-3.9.5\bin;;C:\WINDOWS\system32;C:\WINDOWS;C:\WINDOWS\System32\Wbem;C:\WINDOWS\System32\WindowsPowerShell\v1.0\;C:\WINDOWS\System32\OpenSSH\;C:\Program Files\MySQL\MySQL Shell 8.0\bin\;C:\Users\Admin\AppData\Local\Microsoft\WindowsApps;C:\Program Files\Java\jdk-11.0.1\bin;C:\Program Files\JetBrains\IntelliJ IDEA Community Edition 2022.2.2\bin;;C:\Users\Admin\AppData\Local\GitHubDesktop\bin;C:\Users\Admin\AppData\Local\Programs\Microsoft VS Code\bin;C:\Users\Admin\AppData\Roaming\npm;C:\Users\Admin\AppData\Local\Android\Sdk\platform-tools;D:\Flutter\Flutter Install\flutter\bin;D:\Flutter\Flutter Install\dart-sdk\bin;
USERNAME=Admin
OS=Windows_NT
PROCESSOR_IDENTIFIER=Intel64 Family 6 Model 142 Stepping 12, GenuineIntel
TMP=C:\Users\Admin\AppData\Local\Temp
TEMP=C:\Users\Admin\AppData\Local\Temp



---------------  S Y S T E M  ---------------

OS:
 Windows 11 , 64 bit Build 22621 (10.0.22621.3085)
OS uptime: 1 days 0:43 hours

CPU: total 8 (initial active 8) (4 cores per cpu, 2 threads per core) family 6 model 142 stepping 12 microcode 0xde, cx8, cmov, fxsr, ht, mmx, 3dnowpref, sse, sse2, sse3, ssse3, sse4.1, sse4.2, popcnt, lzcnt, tsc, tscinvbit, avx, avx2, aes, erms, clmul, bmi1, bmi2, adx, fma, vzeroupper, clflush, clflushopt, rdtscp

Memory: 4k page, system-wide physical 8078M (403M free)
TotalPageFile size 25420M (AvailPageFile size 0M)
current process WorkingSet (physical memory assigned to process): 214M, peak: 302M
current process commit charge ("private bytes"): 354M, peak: 376M

vm_info: Java HotSpot(TM) 64-Bit Server VM (19+36-2238) for windows-amd64 JRE (19+36-2238), built on 2022-08-12T20:29:01Z by "mach5one" with MS VC++ 17.1 (VS2022)

END.
